<?xml version="1.0" encoding="UTF-8"?>
<testsuites failures="26" name="dependency-check" tests="80">
    <testsuite failures="0" id="0" name="/Users/mikelong/.m2/repository/org/webjars/npm/angular__http/2.4.10/angular__http-2.4.10.jar" package="angular__http-2.4.10.jar" skipped="0" tests="1" timestamp="2020-08-28T16:27:13.667999">
        <testcase classname="dependency-check" name="angular__http-2.4.10.jar" />
    </testsuite>
    <testsuite failures="0" id="1" name="/Users/mikelong/.m2/repository/org/webjars/npm/angular__http/2.4.10/angular__http-2.4.10.jar/META-INF/resources/webjars/angular__http/2.4.10/src/base_request_options.js" package="angular__http-2.4.10.jar: base_request_options.js" skipped="0" tests="1" timestamp="2020-08-28T16:27:13.667999">
        <testcase classname="dependency-check" name="angular__http-2.4.10.jar: base_request_options.js" />
    </testsuite>
    <testsuite failures="0" id="2" name="/Users/mikelong/.m2/repository/org/webjars/npm/angular__http/2.4.10/angular__http-2.4.10.jar/META-INF/resources/webjars/angular__http/2.4.10/src/base_response_options.js" package="angular__http-2.4.10.jar: base_response_options.js" skipped="0" tests="1" timestamp="2020-08-28T16:27:13.667999">
        <testcase classname="dependency-check" name="angular__http-2.4.10.jar: base_response_options.js" />
    </testsuite>
    <testsuite failures="0" id="3" name="/Users/mikelong/.m2/repository/org/webjars/npm/angular__http/2.4.10/angular__http-2.4.10.jar/META-INF/resources/webjars/angular__http/2.4.10/src/body.js" package="angular__http-2.4.10.jar: body.js" skipped="0" tests="1" timestamp="2020-08-28T16:27:13.667999">
        <testcase classname="dependency-check" name="angular__http-2.4.10.jar: body.js" />
    </testsuite>
    <testsuite failures="0" id="4" name="/Users/mikelong/.m2/repository/org/webjars/npm/angular__http/2.4.10/angular__http-2.4.10.jar/META-INF/resources/webjars/angular__http/2.4.10/src/backends/browser_jsonp.js" package="angular__http-2.4.10.jar: browser_jsonp.js" skipped="0" tests="1" timestamp="2020-08-28T16:27:13.667999">
        <testcase classname="dependency-check" name="angular__http-2.4.10.jar: browser_jsonp.js" />
    </testsuite>
    <testsuite failures="0" id="5" name="/Users/mikelong/.m2/repository/org/webjars/npm/angular__http/2.4.10/angular__http-2.4.10.jar/META-INF/resources/webjars/angular__http/2.4.10/src/backends/browser_xhr.js" package="angular__http-2.4.10.jar: browser_xhr.js" skipped="0" tests="1" timestamp="2020-08-28T16:27:13.667999">
        <testcase classname="dependency-check" name="angular__http-2.4.10.jar: browser_xhr.js" />
    </testsuite>
    <testsuite failures="0" id="6" name="/Users/mikelong/.m2/repository/org/webjars/npm/angular__http/2.4.10/angular__http-2.4.10.jar/META-INF/resources/webjars/angular__http/2.4.10/src/enums.js" package="angular__http-2.4.10.jar: enums.js" skipped="0" tests="1" timestamp="2020-08-28T16:27:13.667999">
        <testcase classname="dependency-check" name="angular__http-2.4.10.jar: enums.js" />
    </testsuite>
    <testsuite failures="0" id="7" name="/Users/mikelong/.m2/repository/org/webjars/npm/angular__http/2.4.10/angular__http-2.4.10.jar/META-INF/resources/webjars/angular__http/2.4.10/src/headers.js" package="angular__http-2.4.10.jar: headers.js" skipped="0" tests="1" timestamp="2020-08-28T16:27:13.667999">
        <testcase classname="dependency-check" name="angular__http-2.4.10.jar: headers.js" />
    </testsuite>
    <testsuite failures="0" id="8" name="/Users/mikelong/.m2/repository/org/webjars/npm/angular__http/2.4.10/angular__http-2.4.10.jar/META-INF/resources/webjars/angular__http/2.4.10/bundles/http-testing.umd.js" package="angular__http-2.4.10.jar: http-testing.umd.js" skipped="0" tests="1" timestamp="2020-08-28T16:27:13.667999">
        <testcase classname="dependency-check" name="angular__http-2.4.10.jar: http-testing.umd.js" />
    </testsuite>
    <testsuite failures="0" id="9" name="/Users/mikelong/.m2/repository/org/webjars/npm/angular__http/2.4.10/angular__http-2.4.10.jar/META-INF/resources/webjars/angular__http/2.4.10/src/http.js" package="angular__http-2.4.10.jar: http.js" skipped="0" tests="1" timestamp="2020-08-28T16:27:13.667999">
        <testcase classname="dependency-check" name="angular__http-2.4.10.jar: http.js" />
    </testsuite>
    <testsuite failures="0" id="10" name="/Users/mikelong/.m2/repository/org/webjars/npm/angular__http/2.4.10/angular__http-2.4.10.jar/META-INF/resources/webjars/angular__http/2.4.10/bundles/http.umd.js" package="angular__http-2.4.10.jar: http.umd.js" skipped="0" tests="1" timestamp="2020-08-28T16:27:13.667999">
        <testcase classname="dependency-check" name="angular__http-2.4.10.jar: http.umd.js" />
    </testsuite>
    <testsuite failures="0" id="11" name="/Users/mikelong/.m2/repository/org/webjars/npm/angular__http/2.4.10/angular__http-2.4.10.jar/META-INF/resources/webjars/angular__http/2.4.10/bundles/http.umd.min.js" package="angular__http-2.4.10.jar: http.umd.min.js" skipped="0" tests="1" timestamp="2020-08-28T16:27:13.667999">
        <testcase classname="dependency-check" name="angular__http-2.4.10.jar: http.umd.min.js" />
    </testsuite>
    <testsuite failures="0" id="12" name="/Users/mikelong/.m2/repository/org/webjars/npm/angular__http/2.4.10/angular__http-2.4.10.jar/META-INF/resources/webjars/angular__http/2.4.10/src/http_module.js" package="angular__http-2.4.10.jar: http_module.js" skipped="0" tests="1" timestamp="2020-08-28T16:27:13.667999">
        <testcase classname="dependency-check" name="angular__http-2.4.10.jar: http_module.js" />
    </testsuite>
    <testsuite failures="0" id="13" name="/Users/mikelong/.m2/repository/org/webjars/npm/angular__http/2.4.10/angular__http-2.4.10.jar/META-INF/resources/webjars/angular__http/2.4.10/src/http_utils.js" package="angular__http-2.4.10.jar: http_utils.js" skipped="0" tests="1" timestamp="2020-08-28T16:27:13.667999">
        <testcase classname="dependency-check" name="angular__http-2.4.10.jar: http_utils.js" />
    </testsuite>
    <testsuite failures="0" id="14" name="/Users/mikelong/.m2/repository/org/webjars/npm/angular__http/2.4.10/angular__http-2.4.10.jar/META-INF/resources/webjars/angular__http/2.4.10/index.js" package="angular__http-2.4.10.jar: index.js" skipped="0" tests="1" timestamp="2020-08-28T16:27:13.667999">
        <testcase classname="dependency-check" name="angular__http-2.4.10.jar: index.js" />
    </testsuite>
    <testsuite failures="0" id="15" name="/Users/mikelong/.m2/repository/org/webjars/npm/angular__http/2.4.10/angular__http-2.4.10.jar/META-INF/resources/webjars/angular__http/2.4.10/testing/index.js" package="angular__http-2.4.10.jar: index.js" skipped="0" tests="1" timestamp="2020-08-28T16:27:13.667999">
        <testcase classname="dependency-check" name="angular__http-2.4.10.jar: index.js" />
    </testsuite>
    <testsuite failures="0" id="16" name="/Users/mikelong/.m2/repository/org/webjars/npm/angular__http/2.4.10/angular__http-2.4.10.jar/META-INF/resources/webjars/angular__http/2.4.10/src/index.js" package="angular__http-2.4.10.jar: index.js" skipped="0" tests="1" timestamp="2020-08-28T16:27:13.667999">
        <testcase classname="dependency-check" name="angular__http-2.4.10.jar: index.js" />
    </testsuite>
    <testsuite failures="0" id="17" name="/Users/mikelong/.m2/repository/org/webjars/npm/angular__http/2.4.10/angular__http-2.4.10.jar/META-INF/resources/webjars/angular__http/2.4.10/src/interfaces.js" package="angular__http-2.4.10.jar: interfaces.js" skipped="0" tests="1" timestamp="2020-08-28T16:27:13.667999">
        <testcase classname="dependency-check" name="angular__http-2.4.10.jar: interfaces.js" />
    </testsuite>
    <testsuite failures="0" id="18" name="/Users/mikelong/.m2/repository/org/webjars/npm/angular__http/2.4.10/angular__http-2.4.10.jar/META-INF/resources/webjars/angular__http/2.4.10/src/backends/jsonp_backend.js" package="angular__http-2.4.10.jar: jsonp_backend.js" skipped="0" tests="1" timestamp="2020-08-28T16:27:13.667999">
        <testcase classname="dependency-check" name="angular__http-2.4.10.jar: jsonp_backend.js" />
    </testsuite>
    <testsuite failures="0" id="19" name="/Users/mikelong/.m2/repository/org/webjars/npm/angular__http/2.4.10/angular__http-2.4.10.jar/META-INF/resources/webjars/angular__http/2.4.10/testing/mock_backend.js" package="angular__http-2.4.10.jar: mock_backend.js" skipped="0" tests="1" timestamp="2020-08-28T16:27:13.667999">
        <testcase classname="dependency-check" name="angular__http-2.4.10.jar: mock_backend.js" />
    </testsuite>
    <testsuite failures="0" id="20" name="/Users/mikelong/.m2/repository/org/webjars/npm/angular__http/2.4.10/angular__http-2.4.10.jar/META-INF/resources/webjars/angular__http/2.4.10/testing/package.json" package="angular__http-2.4.10.jar: package.json" skipped="0" tests="1" timestamp="2020-08-28T16:27:13.667999">
        <testcase classname="dependency-check" name="angular__http-2.4.10.jar: package.json" />
    </testsuite>
    <testsuite failures="0" id="21" name="/Users/mikelong/.m2/repository/org/webjars/npm/angular__http/2.4.10/angular__http-2.4.10.jar/META-INF/resources/webjars/angular__http/2.4.10/package.json" package="angular__http-2.4.10.jar: package.json" skipped="0" tests="1" timestamp="2020-08-28T16:27:13.667999">
        <testcase classname="dependency-check" name="angular__http-2.4.10.jar: package.json" />
    </testsuite>
    <testsuite failures="0" id="22" name="/Users/mikelong/.m2/repository/org/webjars/npm/angular__http/2.4.10/angular__http-2.4.10.jar/META-INF/resources/webjars/angular__http/2.4.10/src/static_request.js" package="angular__http-2.4.10.jar: static_request.js" skipped="0" tests="1" timestamp="2020-08-28T16:27:13.667999">
        <testcase classname="dependency-check" name="angular__http-2.4.10.jar: static_request.js" />
    </testsuite>
    <testsuite failures="0" id="23" name="/Users/mikelong/.m2/repository/org/webjars/npm/angular__http/2.4.10/angular__http-2.4.10.jar/META-INF/resources/webjars/angular__http/2.4.10/src/static_response.js" package="angular__http-2.4.10.jar: static_response.js" skipped="0" tests="1" timestamp="2020-08-28T16:27:13.667999">
        <testcase classname="dependency-check" name="angular__http-2.4.10.jar: static_response.js" />
    </testsuite>
    <testsuite failures="0" id="24" name="/Users/mikelong/.m2/repository/org/webjars/npm/angular__http/2.4.10/angular__http-2.4.10.jar/META-INF/resources/webjars/angular__http/2.4.10/src/url_search_params.js" package="angular__http-2.4.10.jar: url_search_params.js" skipped="0" tests="1" timestamp="2020-08-28T16:27:13.667999">
        <testcase classname="dependency-check" name="angular__http-2.4.10.jar: url_search_params.js" />
    </testsuite>
    <testsuite failures="0" id="25" name="/Users/mikelong/.m2/repository/org/webjars/npm/angular__http/2.4.10/angular__http-2.4.10.jar/META-INF/resources/webjars/angular__http/2.4.10/src/version.js" package="angular__http-2.4.10.jar: version.js" skipped="0" tests="1" timestamp="2020-08-28T16:27:13.667999">
        <testcase classname="dependency-check" name="angular__http-2.4.10.jar: version.js" />
    </testsuite>
    <testsuite failures="0" id="26" name="/Users/mikelong/.m2/repository/org/webjars/npm/angular__http/2.4.10/angular__http-2.4.10.jar/META-INF/resources/webjars/angular__http/2.4.10/src/backends/xhr_backend.js" package="angular__http-2.4.10.jar: xhr_backend.js" skipped="0" tests="1" timestamp="2020-08-28T16:27:13.667999">
        <testcase classname="dependency-check" name="angular__http-2.4.10.jar: xhr_backend.js" />
    </testsuite>
    <testsuite failures="0" id="27" name="/Users/mikelong/.m2/repository/io/github/classgraph/classgraph/4.8.44/classgraph-4.8.44.jar" package="classgraph-4.8.44.jar" skipped="0" tests="1" timestamp="2020-08-28T16:27:13.667999">
        <testcase classname="dependency-check" name="classgraph-4.8.44.jar" />
    </testsuite>
    <testsuite failures="0" id="28" name="/Users/mikelong/.m2/repository/com/fasterxml/classmate/1.5.1/classmate-1.5.1.jar" package="classmate-1.5.1.jar" skipped="0" tests="1" timestamp="2020-08-28T16:27:13.667999">
        <testcase classname="dependency-check" name="classmate-1.5.1.jar" />
    </testsuite>
    <testsuite failures="0" id="29" name="/Users/mikelong/.m2/repository/org/apache/commons/commons-collections4/4.1/commons-collections4-4.1.jar" package="commons-collections4-4.1.jar" skipped="0" tests="1" timestamp="2020-08-28T16:27:13.667999">
        <testcase classname="dependency-check" name="commons-collections4-4.1.jar" />
    </testsuite>
    <testsuite failures="0" id="30" name="/Users/mikelong/.m2/repository/org/apache/commons/commons-lang3/3.5/commons-lang3-3.5.jar" package="commons-lang3-3.5.jar" skipped="0" tests="1" timestamp="2020-08-28T16:27:13.667999">
        <testcase classname="dependency-check" name="commons-lang3-3.5.jar" />
    </testsuite>
    <testsuite failures="0" id="31" name="/Users/mikelong/.m2/repository/org/apache/commons/commons-pool2/2.7.0/commons-pool2-2.7.0.jar" package="commons-pool2-2.7.0.jar" skipped="0" tests="1" timestamp="2020-08-28T16:27:13.667999">
        <testcase classname="dependency-check" name="commons-pool2-2.7.0.jar" />
    </testsuite>
    <testsuite failures="0" id="32" name="/Users/mikelong/.m2/repository/com/lmax/disruptor/3.3.6/disruptor-3.3.6.jar" package="disruptor-3.3.6.jar" skipped="0" tests="1" timestamp="2020-08-28T16:27:13.667999">
        <testcase classname="dependency-check" name="disruptor-3.3.6.jar" />
    </testsuite>
    <testsuite failures="0" id="33" name="/Users/mikelong/.m2/repository/com/google/code/gson/gson/2.8.5/gson-2.8.5.jar" package="gson-2.8.5.jar" skipped="0" tests="1" timestamp="2020-08-28T16:27:13.667999">
        <testcase classname="dependency-check" name="gson-2.8.5.jar" />
    </testsuite>
    <testsuite failures="0" id="34" name="/Users/mikelong/.m2/repository/org/hibernate/validator/hibernate-validator/6.0.18.Final/hibernate-validator-6.0.18.Final.jar" package="hibernate-validator-6.0.18.Final.jar" skipped="0" tests="1" timestamp="2020-08-28T16:27:13.667999">
        <testcase classname="dependency-check" name="hibernate-validator-6.0.18.Final.jar" />
    </testsuite>
    <testsuite failures="0" id="35" name="/Users/mikelong/.m2/repository/com/fasterxml/jackson/core/jackson-core/2.10.1/jackson-core-2.10.1.jar" package="jackson-core-2.10.1.jar" skipped="0" tests="1" timestamp="2020-08-28T16:27:13.667999">
        <testcase classname="dependency-check" name="jackson-core-2.10.1.jar" />
    </testsuite>
    <testsuite failures="0" id="36" name="/Users/mikelong/.m2/repository/com/fasterxml/jackson/core/jackson-databind/2.10.1/jackson-databind-2.10.1.jar" package="jackson-databind-2.10.1.jar" skipped="0" tests="1" timestamp="2020-08-28T16:27:13.667999">
        <testcase classname="dependency-check" name="jackson-databind-2.10.1.jar" />
    </testsuite>
    <testsuite failures="0" id="37" name="/Users/mikelong/.m2/repository/jakarta/annotation/jakarta.annotation-api/1.3.5/jakarta.annotation-api-1.3.5.jar" package="jakarta.annotation-api-1.3.5.jar" skipped="0" tests="1" timestamp="2020-08-28T16:27:13.667999">
        <testcase classname="dependency-check" name="jakarta.annotation-api-1.3.5.jar" />
    </testsuite>
    <testsuite failures="0" id="38" name="/Users/mikelong/.m2/repository/jakarta/validation/jakarta.validation-api/2.0.1/jakarta.validation-api-2.0.1.jar" package="jakarta.validation-api-2.0.1.jar" skipped="0" tests="1" timestamp="2020-08-28T16:27:13.667999">
        <testcase classname="dependency-check" name="jakarta.validation-api-2.0.1.jar" />
    </testsuite>
    <testsuite failures="0" id="39" name="/Users/mikelong/.m2/repository/javax/activation/javax.activation-api/1.2.0/javax.activation-api-1.2.0.jar" package="javax.activation-api-1.2.0.jar" skipped="0" tests="1" timestamp="2020-08-28T16:27:13.667999">
        <testcase classname="dependency-check" name="javax.activation-api-1.2.0.jar" />
    </testsuite>
    <testsuite failures="0" id="40" name="/Users/mikelong/.m2/repository/javax/xml/bind/jaxb-api/2.3.1/jaxb-api-2.3.1.jar" package="jaxb-api-2.3.1.jar" skipped="0" tests="1" timestamp="2020-08-28T16:27:13.667999">
        <testcase classname="dependency-check" name="jaxb-api-2.3.1.jar" />
    </testsuite>
    <testsuite failures="0" id="41" name="/Users/mikelong/.m2/repository/org/jboss/logging/jboss-logging/3.4.1.Final/jboss-logging-3.4.1.Final.jar" package="jboss-logging-3.4.1.Final.jar" skipped="0" tests="1" timestamp="2020-08-28T16:27:13.667999">
        <testcase classname="dependency-check" name="jboss-logging-3.4.1.Final.jar" />
    </testsuite>
    <testsuite failures="0" id="42" name="/Users/mikelong/.m2/repository/redis/clients/jedis/3.1.0/jedis-3.1.0.jar" package="jedis-3.1.0.jar" skipped="0" tests="1" timestamp="2020-08-28T16:27:13.667999">
        <testcase classname="dependency-check" name="jedis-3.1.0.jar" />
    </testsuite>
    <testsuite failures="0" id="43" name="/Users/mikelong/.m2/repository/org/json/json/20190722/json-20190722.jar" package="json-20190722.jar" skipped="0" tests="1" timestamp="2020-08-28T16:27:13.667999">
        <testcase classname="dependency-check" name="json-20190722.jar" />
    </testsuite>
    <testsuite failures="0" id="44" name="/Users/mikelong/.m2/repository/org/slf4j/jul-to-slf4j/1.7.29/jul-to-slf4j-1.7.29.jar" package="jul-to-slf4j-1.7.29.jar" skipped="0" tests="1" timestamp="2020-08-28T16:27:13.667999">
        <testcase classname="dependency-check" name="jul-to-slf4j-1.7.29.jar" />
    </testsuite>
    <testsuite failures="0" id="45" name="/Users/mikelong/.m2/repository/io/lettuce/lettuce-core/5.2.1.RELEASE/lettuce-core-5.2.1.RELEASE.jar" package="lettuce-core-5.2.1.RELEASE.jar" skipped="0" tests="1" timestamp="2020-08-28T16:27:13.667999">
        <testcase classname="dependency-check" name="lettuce-core-5.2.1.RELEASE.jar" />
    </testsuite>
    <testsuite failures="1" id="46" name="/Users/mikelong/.m2/repository/org/apache/logging/log4j/log4j-1.2-api/2.10.0/log4j-1.2-api-2.10.0.jar" package="log4j-1.2-api-2.10.0.jar" skipped="0" tests="1" timestamp="2020-08-28T16:27:13.667999">
        <testcase classname="CVE-2020-9488" name="pkg:maven/org.apache.logging.log4j/log4j-1.2-api@2.10.0">
            <failure message="cvssV3: LOW, score: 3.7 (/AV:N/AC:H/PR:N/UI:N/S:U/C:L/I:N/A:N)" />
            <system-out>Improper validation of certificate with host mismatch in Apache Log4j SMTP appender. This could allow an SMTPS connection to be intercepted by a man-in-the-middle attack which could leak any log messages sent through that appender.</system-out>
            <system-err>location: /Users/mikelong/.m2/repository/org/apache/logging/log4j/log4j-1.2-api/2.10.0/log4j-1.2-api-2.10.0.jar</system-err>
        </testcase>
    </testsuite>
    <testsuite failures="1" id="47" name="/Users/mikelong/.m2/repository/org/apache/logging/log4j/log4j-core/2.12.1/log4j-core-2.12.1.jar" package="log4j-core-2.12.1.jar" skipped="0" tests="1" timestamp="2020-08-28T16:27:13.667999">
        <testcase classname="CVE-2020-9488" name="pkg:maven/org.apache.logging.log4j/log4j-core@2.12.1">
            <failure message="cvssV3: LOW, score: 3.7 (/AV:N/AC:H/PR:N/UI:N/S:U/C:L/I:N/A:N)" />
            <system-out>Improper validation of certificate with host mismatch in Apache Log4j SMTP appender. This could allow an SMTPS connection to be intercepted by a man-in-the-middle attack which could leak any log messages sent through that appender.</system-out>
            <system-err>location: /Users/mikelong/.m2/repository/org/apache/logging/log4j/log4j-core/2.12.1/log4j-core-2.12.1.jar</system-err>
        </testcase>
    </testsuite>
    <testsuite failures="0" id="48" name="/Users/mikelong/.m2/repository/io/netty/netty-common/4.1.43.Final/netty-common-4.1.43.Final.jar/META-INF/maven/org.jctools/jctools-core/pom.xml" package="netty-common-4.1.43.Final.jar (shaded: org.jctools:jctools-core:2.1.1)" skipped="0" tests="1" timestamp="2020-08-28T16:27:13.667999">
        <testcase classname="dependency-check" name="netty-common-4.1.43.Final.jar (shaded: org.jctools:jctools-core:2.1.1)" />
    </testsuite>
    <testsuite failures="4" id="49" name="/Users/mikelong/.m2/repository/io/netty/netty-transport/4.1.43.Final/netty-transport-4.1.43.Final.jar" package="netty-transport-4.1.43.Final.jar" skipped="0" tests="4" timestamp="2020-08-28T16:27:13.667999">
        <testcase classname="CVE-2019-20444" name="pkg:maven/io.netty/netty-transport@4.1.43.Final">
            <failure message="cvssV3: CRITICAL, score: 9.1 (/AV:N/AC:L/PR:N/UI:N/S:U/C:H/I:H/A:N)" />
            <system-out>HttpObjectDecoder.java in Netty before 4.1.44 allows an HTTP header that lacks a colon, which might be interpreted as a separate header with an incorrect syntax, or might be interpreted as an &quot;invalid fold.&quot;</system-out>
            <system-err>location: /Users/mikelong/.m2/repository/io/netty/netty-transport/4.1.43.Final/netty-transport-4.1.43.Final.jar</system-err>
        </testcase>
        <testcase classname="CVE-2019-20445" name="pkg:maven/io.netty/netty-transport@4.1.43.Final">
            <failure message="cvssV3: CRITICAL, score: 9.1 (/AV:N/AC:L/PR:N/UI:N/S:U/C:H/I:H/A:N)" />
            <system-out>HttpObjectDecoder.java in Netty before 4.1.44 allows a Content-Length header to be accompanied by a second Content-Length header, or by a Transfer-Encoding header.</system-out>
            <system-err>location: /Users/mikelong/.m2/repository/io/netty/netty-transport/4.1.43.Final/netty-transport-4.1.43.Final.jar</system-err>
        </testcase>
        <testcase classname="CVE-2020-11612" name="pkg:maven/io.netty/netty-transport@4.1.43.Final">
            <failure message="cvssV3: CRITICAL, score: 9.8 (/AV:N/AC:L/PR:N/UI:N/S:U/C:H/I:H/A:H)" />
            <system-out>The ZlibDecoders in Netty 4.1.x before 4.1.46 allow for unbounded memory allocation while decoding a ZlibEncoded byte stream. An attacker could send a large ZlibEncoded byte stream to the Netty server, forcing the server to allocate all of its free memory to a single decoder.</system-out>
            <system-err>location: /Users/mikelong/.m2/repository/io/netty/netty-transport/4.1.43.Final/netty-transport-4.1.43.Final.jar</system-err>
        </testcase>
        <testcase classname="CVE-2020-7238" name="pkg:maven/io.netty/netty-transport@4.1.43.Final">
            <failure message="cvssV3: HIGH, score: 7.5 (/AV:N/AC:L/PR:N/UI:N/S:U/C:N/I:H/A:N)" />
            <system-out>Netty 4.1.43.Final allows HTTP Request Smuggling because it mishandles Transfer-Encoding whitespace (such as a [space]Transfer-Encoding:chunked line) and a later Content-Length header. This issue exists because of an incomplete fix for CVE-2019-16869.</system-out>
            <system-err>location: /Users/mikelong/.m2/repository/io/netty/netty-transport/4.1.43.Final/netty-transport-4.1.43.Final.jar</system-err>
        </testcase>
    </testsuite>
    <testsuite failures="0" id="50" name="/Users/mikelong/.m2/repository/org/reactivestreams/reactive-streams/1.0.3/reactive-streams-1.0.3.jar" package="reactive-streams-1.0.3.jar" skipped="0" tests="1" timestamp="2020-08-28T16:27:13.667999">
        <testcase classname="dependency-check" name="reactive-streams-1.0.3.jar" />
    </testsuite>
    <testsuite failures="0" id="51" name="/Users/mikelong/.m2/repository/io/projectreactor/reactor-core/3.3.1.RELEASE/reactor-core-3.3.1.RELEASE.jar" package="reactor-core-3.3.1.RELEASE.jar" skipped="0" tests="1" timestamp="2020-08-28T16:27:13.667999">
        <testcase classname="dependency-check" name="reactor-core-3.3.1.RELEASE.jar" />
    </testsuite>
    <testsuite failures="0" id="52" name="/Users/mikelong/.m2/repository/org/slf4j/slf4j-api/1.7.29/slf4j-api-1.7.29.jar" package="slf4j-api-1.7.29.jar" skipped="0" tests="1" timestamp="2020-08-28T16:27:13.667999">
        <testcase classname="dependency-check" name="slf4j-api-1.7.29.jar" />
    </testsuite>
    <testsuite failures="1" id="53" name="/Users/mikelong/.m2/repository/org/yaml/snakeyaml/1.25/snakeyaml-1.25.jar" package="snakeyaml-1.25.jar" skipped="0" tests="1" timestamp="2020-08-28T16:27:13.667999">
        <testcase classname="CVE-2017-18640" name="pkg:maven/org.yaml/snakeyaml@1.25">
            <failure message="cvssV3: HIGH, score: 7.5 (/AV:N/AC:L/PR:N/UI:N/S:U/C:N/I:N/A:H)" />
            <system-out>The Alias feature in SnakeYAML 1.18 allows entity expansion during a load operation, a related issue to CVE-2003-1564.</system-out>
            <system-err>location: /Users/mikelong/.m2/repository/org/yaml/snakeyaml/1.25/snakeyaml-1.25.jar</system-err>
        </testcase>
    </testsuite>
    <testsuite failures="0" id="54" name="/Users/mikelong/.m2/repository/org/springframework/boot/spring-boot/2.2.2.RELEASE/spring-boot-2.2.2.RELEASE.jar" package="spring-boot-2.2.2.RELEASE.jar" skipped="0" tests="1" timestamp="2020-08-28T16:27:13.667999">
        <testcase classname="dependency-check" name="spring-boot-2.2.2.RELEASE.jar" />
    </testsuite>
    <testsuite failures="0" id="55" name="/Users/mikelong/.m2/repository/org/springframework/boot/spring-boot-dependencies/2.2.2.RELEASE/spring-boot-dependencies-2.2.2.RELEASE.pom" package="spring-boot-dependencies-2.2.2.RELEASE.pom" skipped="0" tests="1" timestamp="2020-08-28T16:27:13.667999">
        <testcase classname="dependency-check" name="spring-boot-dependencies-2.2.2.RELEASE.pom" />
    </testsuite>
    <testsuite failures="0" id="56" name="/Users/mikelong/.m2/repository/org/springframework/boot/spring-boot-starter-log4j2/2.1.4.RELEASE/spring-boot-starter-log4j2-2.1.4.RELEASE.jar" package="spring-boot-starter-log4j2-2.1.4.RELEASE.jar" skipped="0" tests="1" timestamp="2020-08-28T16:27:13.667999">
        <testcase classname="dependency-check" name="spring-boot-starter-log4j2-2.1.4.RELEASE.jar" />
    </testsuite>
    <testsuite failures="2" id="57" name="/Users/mikelong/.m2/repository/org/springframework/spring-core/5.2.2.RELEASE/spring-core-5.2.2.RELEASE.jar" package="spring-core-5.2.2.RELEASE.jar" skipped="0" tests="2" timestamp="2020-08-28T16:27:13.667999">
        <testcase classname="CVE-2020-5397" name="pkg:maven/org.springframework/spring-core@5.2.2.RELEASE">
            <failure message="cvssV3: MEDIUM, score: 5.3 (/AV:N/AC:L/PR:N/UI:N/S:U/C:N/I:L/A:N)" />
            <system-out>Spring Framework, versions 5.2.x prior to 5.2.3 are vulnerable to CSRF attacks through CORS preflight requests that target Spring MVC (spring-webmvc module) or Spring WebFlux (spring-webflux module) endpoints. Only non-authenticated endpoints are vulnerable because preflight requests should not include credentials and therefore requests should fail authentication. However a notable exception to this are Chrome based browsers when using client certificates for authentication since Chrome sends TLS client certificates in CORS preflight requests in violation of spec requirements. No HTTP body can be sent or received as a result of this attack.</system-out>
            <system-err>location: /Users/mikelong/.m2/repository/org/springframework/spring-core/5.2.2.RELEASE/spring-core-5.2.2.RELEASE.jar</system-err>
        </testcase>
        <testcase classname="CVE-2020-5398" name="pkg:maven/org.springframework/spring-core@5.2.2.RELEASE">
            <failure message="cvssV3: HIGH, score: 7.5 (/AV:N/AC:H/PR:N/UI:R/S:U/C:H/I:H/A:H)" />
            <system-out>In Spring Framework, versions 5.2.x prior to 5.2.3, versions 5.1.x prior to 5.1.13, and versions 5.0.x prior to 5.0.16, an application is vulnerable to a reflected file download (RFD) attack when it sets a &quot;Content-Disposition&quot; header in the response where the filename attribute is derived from user supplied input.</system-out>
            <system-err>location: /Users/mikelong/.m2/repository/org/springframework/spring-core/5.2.2.RELEASE/spring-core-5.2.2.RELEASE.jar</system-err>
        </testcase>
    </testsuite>
    <testsuite failures="0" id="58" name="/Users/mikelong/.m2/repository/org/springframework/data/spring-data-commons/2.2.3.RELEASE/spring-data-commons-2.2.3.RELEASE.jar" package="spring-data-commons-2.2.3.RELEASE.jar" skipped="0" tests="1" timestamp="2020-08-28T16:27:13.667999">
        <testcase classname="dependency-check" name="spring-data-commons-2.2.3.RELEASE.jar" />
    </testsuite>
    <testsuite failures="0" id="59" name="/Users/mikelong/.m2/repository/org/springframework/data/spring-data-keyvalue/2.2.3.RELEASE/spring-data-keyvalue-2.2.3.RELEASE.jar" package="spring-data-keyvalue-2.2.3.RELEASE.jar" skipped="0" tests="1" timestamp="2020-08-28T16:27:13.667999">
        <testcase classname="dependency-check" name="spring-data-keyvalue-2.2.3.RELEASE.jar" />
    </testsuite>
    <testsuite failures="0" id="60" name="/Users/mikelong/.m2/repository/org/springframework/data/spring-data-redis/2.2.3.RELEASE/spring-data-redis-2.2.3.RELEASE.jar" package="spring-data-redis-2.2.3.RELEASE.jar" skipped="0" tests="1" timestamp="2020-08-28T16:27:13.667999">
        <testcase classname="dependency-check" name="spring-data-redis-2.2.3.RELEASE.jar" />
    </testsuite>
    <testsuite failures="0" id="61" name="/Users/mikelong/.m2/repository/org/springdoc/springdoc-openapi-common/1.2.32/springdoc-openapi-common-1.2.32.jar" package="springdoc-openapi-common-1.2.32.jar" skipped="0" tests="1" timestamp="2020-08-28T16:27:13.667999">
        <testcase classname="dependency-check" name="springdoc-openapi-common-1.2.32.jar" />
    </testsuite>
    <testsuite failures="0" id="62" name="/Users/mikelong/.m2/repository/org/springdoc/springdoc-openapi-ui/1.2.32/springdoc-openapi-ui-1.2.32.jar" package="springdoc-openapi-ui-1.2.32.jar" skipped="0" tests="1" timestamp="2020-08-28T16:27:13.667999">
        <testcase classname="dependency-check" name="springdoc-openapi-ui-1.2.32.jar" />
    </testsuite>
    <testsuite failures="0" id="63" name="/Users/mikelong/.m2/repository/org/springdoc/springdoc-openapi-webmvc-core/1.2.32/springdoc-openapi-webmvc-core-1.2.32.jar" package="springdoc-openapi-webmvc-core-1.2.32.jar" skipped="0" tests="1" timestamp="2020-08-28T16:27:13.667999">
        <testcase classname="dependency-check" name="springdoc-openapi-webmvc-core-1.2.32.jar" />
    </testsuite>
    <testsuite failures="0" id="64" name="/Users/mikelong/.m2/repository/io/swagger/core/v3/swagger-annotations/2.1.2/swagger-annotations-2.1.2.jar" package="swagger-annotations-2.1.2.jar" skipped="0" tests="1" timestamp="2020-08-28T16:27:13.667999">
        <testcase classname="dependency-check" name="swagger-annotations-2.1.2.jar" />
    </testsuite>
    <testsuite failures="0" id="65" name="/Users/mikelong/.m2/repository/io/swagger/core/v3/swagger-core/2.1.1/swagger-core-2.1.1.jar" package="swagger-core-2.1.1.jar" skipped="0" tests="1" timestamp="2020-08-28T16:27:13.667999">
        <testcase classname="dependency-check" name="swagger-core-2.1.1.jar" />
    </testsuite>
    <testsuite failures="0" id="66" name="/Users/mikelong/.m2/repository/io/swagger/core/v3/swagger-integration/2.1.1/swagger-integration-2.1.1.jar" package="swagger-integration-2.1.1.jar" skipped="0" tests="1" timestamp="2020-08-28T16:27:13.667999">
        <testcase classname="dependency-check" name="swagger-integration-2.1.1.jar" />
    </testsuite>
    <testsuite failures="0" id="67" name="/Users/mikelong/.m2/repository/io/swagger/core/v3/swagger-models/2.1.1/swagger-models-2.1.1.jar" package="swagger-models-2.1.1.jar" skipped="0" tests="1" timestamp="2020-08-28T16:27:13.667999">
        <testcase classname="dependency-check" name="swagger-models-2.1.1.jar" />
    </testsuite>
    <testsuite failures="0" id="68" name="/Users/mikelong/.m2/repository/org/webjars/swagger-ui/3.25.0/swagger-ui-3.25.0.jar" package="swagger-ui-3.25.0.jar" skipped="0" tests="1" timestamp="2020-08-28T16:27:13.667999">
        <testcase classname="dependency-check" name="swagger-ui-3.25.0.jar" />
    </testsuite>
    <testsuite failures="0" id="69" name="/Users/mikelong/.m2/repository/org/webjars/swagger-ui/3.25.0/swagger-ui-3.25.0.jar/META-INF/resources/webjars/swagger-ui/3.25.0/swagger-ui-bundle.js" package="swagger-ui-3.25.0.jar: swagger-ui-bundle.js" skipped="0" tests="1" timestamp="2020-08-28T16:27:13.667999">
        <testcase classname="dependency-check" name="swagger-ui-3.25.0.jar: swagger-ui-bundle.js" />
    </testsuite>
    <testsuite failures="0" id="70" name="/Users/mikelong/.m2/repository/org/webjars/swagger-ui/3.25.0/swagger-ui-3.25.0.jar/META-INF/resources/webjars/swagger-ui/3.25.0/swagger-ui-standalone-preset.js" package="swagger-ui-3.25.0.jar: swagger-ui-standalone-preset.js" skipped="0" tests="1" timestamp="2020-08-28T16:27:13.667999">
        <testcase classname="dependency-check" name="swagger-ui-3.25.0.jar: swagger-ui-standalone-preset.js" />
    </testsuite>
    <testsuite failures="0" id="71" name="/Users/mikelong/.m2/repository/org/webjars/swagger-ui/3.25.0/swagger-ui-3.25.0.jar/META-INF/resources/webjars/swagger-ui/3.25.0/swagger-ui.js" package="swagger-ui-3.25.0.jar: swagger-ui.js" skipped="0" tests="1" timestamp="2020-08-28T16:27:13.667999">
        <testcase classname="dependency-check" name="swagger-ui-3.25.0.jar: swagger-ui.js" />
    </testsuite>
    <testsuite failures="0" id="72" name="/Users/mikelong/.m2/repository/org/threeten/threetenbp/1.4.0/threetenbp-1.4.0.jar" package="threetenbp-1.4.0.jar" skipped="0" tests="1" timestamp="2020-08-28T16:27:13.667999">
        <testcase classname="dependency-check" name="threetenbp-1.4.0.jar" />
    </testsuite>
    <testsuite failures="0" id="73" name="/Users/mikelong/.m2/repository/org/togglz/togglz-console/2.6.1.Final/togglz-console-2.6.1.Final.jar" package="togglz-console-2.6.1.Final.jar" skipped="0" tests="1" timestamp="2020-08-28T16:27:13.667999">
        <testcase classname="dependency-check" name="togglz-console-2.6.1.Final.jar" />
    </testsuite>
    <testsuite failures="0" id="74" name="/Users/mikelong/.m2/repository/org/togglz/togglz-console/2.6.1.Final/togglz-console-2.6.1.Final.jar/META-INF/maven/com.floreysoft/jmte/pom.xml" package="togglz-console-2.6.1.Final.jar (shaded: com.floreysoft:jmte:3.0)" skipped="0" tests="1" timestamp="2020-08-28T16:27:13.667999">
        <testcase classname="dependency-check" name="togglz-console-2.6.1.Final.jar (shaded: com.floreysoft:jmte:3.0)" />
    </testsuite>
    <testsuite failures="4" id="75" name="/Users/mikelong/.m2/repository/org/togglz/togglz-console/2.6.1.Final/togglz-console-2.6.1.Final.jar/org/togglz/console/bootstrap.js" package="togglz-console-2.6.1.Final.jar: bootstrap.js" skipped="0" tests="4" timestamp="2020-08-28T16:27:13.667999">
        <testcase classname="CVE-2018-14040" name="pkg:javascript/bootstrap@3.3.7">
            <failure message="cvssV3: MEDIUM, score: 6.1 (/AV:N/AC:L/PR:N/UI:R/S:C/C:L/I:L/A:N)" />
            <system-out>In Bootstrap before 4.1.2, XSS is possible in the collapse data-parent attribute.</system-out>
            <system-err>location: /Users/mikelong/.m2/repository/org/togglz/togglz-console/2.6.1.Final/togglz-console-2.6.1.Final.jar/org/togglz/console/bootstrap.js</system-err>
        </testcase>
        <testcase classname="CVE-2018-14041" name="pkg:javascript/bootstrap@3.3.7">
            <failure message="cvssV3: MEDIUM, score: 6.1 (/AV:N/AC:L/PR:N/UI:R/S:C/C:L/I:L/A:N)" />
            <system-out>In Bootstrap before 4.1.2, XSS is possible in the data-target property of scrollspy.</system-out>
            <system-err>location: /Users/mikelong/.m2/repository/org/togglz/togglz-console/2.6.1.Final/togglz-console-2.6.1.Final.jar/org/togglz/console/bootstrap.js</system-err>
        </testcase>
        <testcase classname="CVE-2018-14042" name="pkg:javascript/bootstrap@3.3.7">
            <failure message="cvssV3: MEDIUM, score: 6.1 (/AV:N/AC:L/PR:N/UI:R/S:C/C:L/I:L/A:N)" />
            <system-out>In Bootstrap before 4.1.2, XSS is possible in the data-container property of tooltip.</system-out>
            <system-err>location: /Users/mikelong/.m2/repository/org/togglz/togglz-console/2.6.1.Final/togglz-console-2.6.1.Final.jar/org/togglz/console/bootstrap.js</system-err>
        </testcase>
        <testcase classname="CVE-2019-8331" name="pkg:javascript/bootstrap@3.3.7">
            <failure message="cvssV3: MEDIUM, score: 6.1 (/AV:N/AC:L/PR:N/UI:R/S:C/C:L/I:L/A:N)" />
            <system-out>In Bootstrap before 3.4.1 and 4.3.x before 4.3.1, XSS is possible in the tooltip or popover data-template attribute.</system-out>
            <system-err>location: /Users/mikelong/.m2/repository/org/togglz/togglz-console/2.6.1.Final/togglz-console-2.6.1.Final.jar/org/togglz/console/bootstrap.js</system-err>
        </testcase>
    </testsuite>
    <testsuite failures="4" id="76" name="/Users/mikelong/.m2/repository/org/togglz/togglz-console/2.6.1.Final/togglz-console-2.6.1.Final.jar/org/togglz/console/jquery.js" package="togglz-console-2.6.1.Final.jar: jquery.js" skipped="0" tests="4" timestamp="2020-08-28T16:27:13.667999">
        <testcase classname="CVE-2015-9251" name="pkg:javascript/jquery@1.12.4">
            <failure message="cvssV3: MEDIUM, score: 6.1 (/AV:N/AC:L/PR:N/UI:R/S:C/C:L/I:L/A:N)" />
            <system-out>jQuery before 3.0.0 is vulnerable to Cross-site Scripting (XSS) attacks when a cross-domain Ajax request is performed without the dataType option, causing text/javascript responses to be executed.</system-out>
            <system-err>location: /Users/mikelong/.m2/repository/org/togglz/togglz-console/2.6.1.Final/togglz-console-2.6.1.Final.jar/org/togglz/console/jquery.js</system-err>
        </testcase>
        <testcase classname="CVE-2019-11358" name="pkg:javascript/jquery@1.12.4">
            <failure message="cvssV3: MEDIUM, score: 6.1 (/AV:N/AC:L/PR:N/UI:R/S:C/C:L/I:L/A:N)" />
            <system-out>jQuery before 3.4.0, as used in Drupal, Backdrop CMS, and other products, mishandles jQuery.extend(true, {}, ...) because of Object.prototype pollution. If an unsanitized source object contained an enumerable __proto__ property, it could extend the native Object.prototype.</system-out>
            <system-err>location: /Users/mikelong/.m2/repository/org/togglz/togglz-console/2.6.1.Final/togglz-console-2.6.1.Final.jar/org/togglz/console/jquery.js</system-err>
        </testcase>
        <testcase classname="CVE-2020-11022" name="pkg:javascript/jquery@1.12.4">
            <failure message="cvssV3: MEDIUM, score: 6.1 (/AV:N/AC:L/PR:N/UI:R/S:C/C:L/I:L/A:N)" />
            <system-out>In jQuery versions greater than or equal to 1.2 and before 3.5.0, passing HTML from untrusted sources - even after sanitizing it - to one of jQuery&apos;s DOM manipulation methods (i.e. .html(), .append(), and others) may execute untrusted code. This problem is patched in jQuery 3.5.0.</system-out>
            <system-err>location: /Users/mikelong/.m2/repository/org/togglz/togglz-console/2.6.1.Final/togglz-console-2.6.1.Final.jar/org/togglz/console/jquery.js</system-err>
        </testcase>
        <testcase classname="CVE-2020-11023" name="pkg:javascript/jquery@1.12.4">
            <failure message="cvssV3: MEDIUM, score: 6.1 (/AV:N/AC:L/PR:N/UI:R/S:C/C:L/I:L/A:N)" />
            <system-out>In jQuery versions greater than or equal to 1.0.3 and before 3.5.0, passing HTML containing &lt;option&gt; elements from untrusted sources - even after sanitizing it - to one of jQuery&apos;s DOM manipulation methods (i.e. .html(), .append(), and others) may execute untrusted code. This problem is patched in jQuery 3.5.0.</system-out>
            <system-err>location: /Users/mikelong/.m2/repository/org/togglz/togglz-console/2.6.1.Final/togglz-console-2.6.1.Final.jar/org/togglz/console/jquery.js</system-err>
        </testcase>
    </testsuite>
    <testsuite failures="0" id="77" name="/Users/mikelong/.m2/repository/org/togglz/togglz-core/2.6.1.Final/togglz-core-2.6.1.Final.jar" package="togglz-core-2.6.1.Final.jar" skipped="0" tests="1" timestamp="2020-08-28T16:27:13.667999">
        <testcase classname="dependency-check" name="togglz-core-2.6.1.Final.jar" />
    </testsuite>
    <testsuite failures="0" id="78" name="/Users/mikelong/.m2/repository/org/togglz/togglz-servlet/2.6.1.Final/togglz-servlet-2.6.1.Final.jar" package="togglz-servlet-2.6.1.Final.jar" skipped="0" tests="1" timestamp="2020-08-28T16:27:13.667999">
        <testcase classname="dependency-check" name="togglz-servlet-2.6.1.Final.jar" />
    </testsuite>
    <testsuite failures="0" id="79" name="/Users/mikelong/.m2/repository/org/togglz/togglz-spring-boot-autoconfigure/2.6.1.Final/togglz-spring-boot-autoconfigure-2.6.1.Final.jar" package="togglz-spring-boot-autoconfigure-2.6.1.Final.jar" skipped="0" tests="1" timestamp="2020-08-28T16:27:13.667999">
        <testcase classname="dependency-check" name="togglz-spring-boot-autoconfigure-2.6.1.Final.jar" />
    </testsuite>
    <testsuite failures="0" id="80" name="/Users/mikelong/.m2/repository/org/togglz/togglz-spring-boot-starter/2.6.1.Final/togglz-spring-boot-starter-2.6.1.Final.jar" package="togglz-spring-boot-starter-2.6.1.Final.jar" skipped="0" tests="1" timestamp="2020-08-28T16:27:13.667999">
        <testcase classname="dependency-check" name="togglz-spring-boot-starter-2.6.1.Final.jar" />
    </testsuite>
    <testsuite failures="0" id="81" name="/Users/mikelong/.m2/repository/org/togglz/togglz-spring-core/2.6.1.Final/togglz-spring-core-2.6.1.Final.jar" package="togglz-spring-core-2.6.1.Final.jar" skipped="0" tests="1" timestamp="2020-08-28T16:27:13.667999">
        <testcase classname="dependency-check" name="togglz-spring-core-2.6.1.Final.jar" />
    </testsuite>
    <testsuite failures="0" id="82" name="/Users/mikelong/.m2/repository/org/togglz/togglz-spring-web/2.6.1.Final/togglz-spring-web-2.6.1.Final.jar" package="togglz-spring-web-2.6.1.Final.jar" skipped="0" tests="1" timestamp="2020-08-28T16:27:13.667999">
        <testcase classname="dependency-check" name="togglz-spring-web-2.6.1.Final.jar" />
    </testsuite>
    <testsuite failures="9" id="83" name="/Users/mikelong/.m2/repository/org/apache/tomcat/embed/tomcat-embed-core/9.0.29/tomcat-embed-core-9.0.29.jar" package="tomcat-embed-core-9.0.29.jar" skipped="0" tests="9" timestamp="2020-08-28T16:27:13.667999">
        <testcase classname="CVE-2019-17563" name="pkg:maven/org.apache.tomcat.embed/tomcat-embed-core@9.0.29">
            <failure message="cvssV3: HIGH, score: 7.5 (/AV:N/AC:H/PR:N/UI:R/S:U/C:H/I:H/A:H)" />
            <system-out>When using FORM authentication with Apache Tomcat 9.0.0.M1 to 9.0.29, 8.5.0 to 8.5.49 and 7.0.0 to 7.0.98 there was a narrow window where an attacker could perform a session fixation attack. The window was considered too narrow for an exploit to be practical but, erring on the side of caution, this issue has been treated as a security vulnerability.</system-out>
            <system-err>location: /Users/mikelong/.m2/repository/org/apache/tomcat/embed/tomcat-embed-core/9.0.29/tomcat-embed-core-9.0.29.jar</system-err>
        </testcase>
        <testcase classname="CVE-2019-17569" name="pkg:maven/org.apache.tomcat.embed/tomcat-embed-core@9.0.29">
            <failure message="cvssV3: MEDIUM, score: 4.8 (/AV:N/AC:H/PR:N/UI:N/S:U/C:L/I:L/A:N)" />
            <system-out>The refactoring present in Apache Tomcat 9.0.28 to 9.0.30, 8.5.48 to 8.5.50 and 7.0.98 to 7.0.99 introduced a regression. The result of the regression was that invalid Transfer-Encoding headers were incorrectly processed leading to a possibility of HTTP Request Smuggling if Tomcat was located behind a reverse proxy that incorrectly handled the invalid Transfer-Encoding header in a particular manner. Such a reverse proxy is considered unlikely.</system-out>
            <system-err>location: /Users/mikelong/.m2/repository/org/apache/tomcat/embed/tomcat-embed-core/9.0.29/tomcat-embed-core-9.0.29.jar</system-err>
        </testcase>
        <testcase classname="CVE-2020-11996" name="pkg:maven/org.apache.tomcat.embed/tomcat-embed-core@9.0.29">
            <failure message="cvssV3: HIGH, score: 7.5 (/AV:N/AC:L/PR:N/UI:N/S:U/C:N/I:N/A:H)" />
            <system-out>A specially crafted sequence of HTTP/2 requests sent to Apache Tomcat 10.0.0-M1 to 10.0.0-M5, 9.0.0.M1 to 9.0.35 and 8.5.0 to 8.5.55 could trigger high CPU usage for several seconds. If a sufficient number of such requests were made on concurrent HTTP/2 connections, the server could become unresponsive.</system-out>
            <system-err>location: /Users/mikelong/.m2/repository/org/apache/tomcat/embed/tomcat-embed-core/9.0.29/tomcat-embed-core-9.0.29.jar</system-err>
        </testcase>
        <testcase classname="CVE-2020-13934" name="pkg:maven/org.apache.tomcat.embed/tomcat-embed-core@9.0.29">
            <failure message="cvssV3: HIGH, score: 7.5 (/AV:N/AC:L/PR:N/UI:N/S:U/C:N/I:N/A:H)" />
            <system-out>An h2c direct connection to Apache Tomcat 10.0.0-M1 to 10.0.0-M6, 9.0.0.M5 to 9.0.36 and 8.5.1 to 8.5.56 did not release the HTTP/1.1 processor after the upgrade to HTTP/2. If a sufficient number of such requests were made, an OutOfMemoryException could occur leading to a denial of service.</system-out>
            <system-err>location: /Users/mikelong/.m2/repository/org/apache/tomcat/embed/tomcat-embed-core/9.0.29/tomcat-embed-core-9.0.29.jar</system-err>
        </testcase>
        <testcase classname="CVE-2020-13935" name="pkg:maven/org.apache.tomcat.embed/tomcat-embed-core@9.0.29">
            <failure message="cvssV3: HIGH, score: 7.5 (/AV:N/AC:L/PR:N/UI:N/S:U/C:N/I:N/A:H)" />
            <system-out>The payload length in a WebSocket frame was not correctly validated in Apache Tomcat 10.0.0-M1 to 10.0.0-M6, 9.0.0.M1 to 9.0.36, 8.5.0 to 8.5.56 and 7.0.27 to 7.0.104. Invalid payload lengths could trigger an infinite loop. Multiple requests with invalid payload lengths could lead to a denial of service.</system-out>
            <system-err>location: /Users/mikelong/.m2/repository/org/apache/tomcat/embed/tomcat-embed-core/9.0.29/tomcat-embed-core-9.0.29.jar</system-err>
        </testcase>
        <testcase classname="CVE-2020-1935" name="pkg:maven/org.apache.tomcat.embed/tomcat-embed-core@9.0.29">
            <failure message="cvssV3: MEDIUM, score: 4.8 (/AV:N/AC:H/PR:N/UI:N/S:U/C:L/I:L/A:N)" />
            <system-out>In Apache Tomcat 9.0.0.M1 to 9.0.30, 8.5.0 to 8.5.50 and 7.0.0 to 7.0.99 the HTTP header parsing code used an approach to end-of-line parsing that allowed some invalid HTTP headers to be parsed as valid. This led to a possibility of HTTP Request Smuggling if Tomcat was located behind a reverse proxy that incorrectly handled the invalid Transfer-Encoding header in a particular manner. Such a reverse proxy is considered unlikely.</system-out>
            <system-err>location: /Users/mikelong/.m2/repository/org/apache/tomcat/embed/tomcat-embed-core/9.0.29/tomcat-embed-core-9.0.29.jar</system-err>
        </testcase>
        <testcase classname="CVE-2020-1938" name="pkg:maven/org.apache.tomcat.embed/tomcat-embed-core@9.0.29">
            <failure message="cvssV3: CRITICAL, score: 9.8 (/AV:N/AC:L/PR:N/UI:N/S:U/C:H/I:H/A:H)" />
            <system-out>When using the Apache JServ Protocol (AJP), care must be taken when trusting incoming connections to Apache Tomcat. Tomcat treats AJP connections as having higher trust than, for example, a similar HTTP connection. If such connections are available to an attacker, they can be exploited in ways that may be surprising. In Apache Tomcat 9.0.0.M1 to 9.0.0.30, 8.5.0 to 8.5.50 and 7.0.0 to 7.0.99, Tomcat shipped with an AJP Connector enabled by default that listened on all configured IP addresses. It was expected (and recommended in the security guide) that this Connector would be disabled if not required. This vulnerability report identified a mechanism that allowed: - returning arbitrary files from anywhere in the web application - processing any file in the web application as a JSP Further, if the web application allowed file upload and stored those files within the web application (or the attacker was able to control the content of the web application by some other means) then this, along with the ability to process a file as a JSP, made remote code execution possible. It is important to note that mitigation is only required if an AJP port is accessible to untrusted users. Users wishing to take a defence-in-depth approach and block the vector that permits returning arbitrary files and execution as JSP may upgrade to Apache Tomcat 9.0.31, 8.5.51 or 7.0.100 or later. A number of changes were made to the default AJP Connector configuration in 9.0.31 to harden the default configuration. It is likely that users upgrading to 9.0.31, 8.5.51 or 7.0.100 or later will need to make small changes to their configurations.</system-out>
            <system-err>location: /Users/mikelong/.m2/repository/org/apache/tomcat/embed/tomcat-embed-core/9.0.29/tomcat-embed-core-9.0.29.jar</system-err>
        </testcase>
        <testcase classname="CVE-2020-8022" name="pkg:maven/org.apache.tomcat.embed/tomcat-embed-core@9.0.29">
            <failure message="cvssV3: HIGH, score: 8.4 (/AV:L/AC:L/PR:N/UI:N/S:U/C:H/I:H/A:H)" />
            <system-out>A Incorrect Default Permissions vulnerability in the packaging of tomcat on SUSE Enterprise Storage 5, SUSE Linux Enterprise Server 12-SP2-BCL, SUSE Linux Enterprise Server 12-SP2-LTSS, SUSE Linux Enterprise Server 12-SP3-BCL, SUSE Linux Enterprise Server 12-SP3-LTSS, SUSE Linux Enterprise Server 12-SP4, SUSE Linux Enterprise Server 12-SP5, SUSE Linux Enterprise Server 15-LTSS, SUSE Linux Enterprise Server for SAP 12-SP2, SUSE Linux Enterprise Server for SAP 12-SP3, SUSE Linux Enterprise Server for SAP 15, SUSE OpenStack Cloud 7, SUSE OpenStack Cloud 8, SUSE OpenStack Cloud Crowbar 8 allows local attackers to escalate from group tomcat to root. This issue affects: SUSE Enterprise Storage 5 tomcat versions prior to 8.0.53-29.32.1. SUSE Linux Enterprise Server 12-SP2-BCL tomcat versions prior to 8.0.53-29.32.1. SUSE Linux Enterprise Server 12-SP2-LTSS tomcat versions prior to 8.0.53-29.32.1. SUSE Linux Enterprise Server 12-SP3-BCL tomcat versions prior to 8.0.53-29.32.1. SUSE Linux Enterprise Server 12-SP3-LTSS tomcat versions prior to 8.0.53-29.32.1. SUSE Linux Enterprise Server 12-SP4 tomcat versions prior to 9.0.35-3.39.1. SUSE Linux Enterprise Server 12-SP5 tomcat versions prior to 9.0.35-3.39.1. SUSE Linux Enterprise Server 15-LTSS tomcat versions prior to 9.0.35-3.57.3. SUSE Linux Enterprise Server for SAP 12-SP2 tomcat versions prior to 8.0.53-29.32.1. SUSE Linux Enterprise Server for SAP 12-SP3 tomcat versions prior to 8.0.53-29.32.1. SUSE Linux Enterprise Server for SAP 15 tomcat versions prior to 9.0.35-3.57.3. SUSE OpenStack Cloud 7 tomcat versions prior to 8.0.53-29.32.1. SUSE OpenStack Cloud 8 tomcat versions prior to 8.0.53-29.32.1. SUSE OpenStack Cloud Crowbar 8 tomcat versions prior to 8.0.53-29.32.1.</system-out>
            <system-err>location: /Users/mikelong/.m2/repository/org/apache/tomcat/embed/tomcat-embed-core/9.0.29/tomcat-embed-core-9.0.29.jar</system-err>
        </testcase>
        <testcase classname="CVE-2020-9484" name="pkg:maven/org.apache.tomcat.embed/tomcat-embed-core@9.0.29">
            <failure message="cvssV3: HIGH, score: 7.0 (/AV:L/AC:H/PR:L/UI:N/S:U/C:H/I:H/A:H)" />
            <system-out>When using Apache Tomcat versions 10.0.0-M1 to 10.0.0-M4, 9.0.0.M1 to 9.0.34, 8.5.0 to 8.5.54 and 7.0.0 to 7.0.103 if a) an attacker is able to control the contents and name of a file on the server; and b) the server is configured to use the PersistenceManager with a FileStore; and c) the PersistenceManager is configured with sessionAttributeValueClassNameFilter=&quot;null&quot; (the default unless a SecurityManager is used) or a sufficiently lax filter to allow the attacker provided object to be deserialized; and d) the attacker knows the relative file path from the storage location used by FileStore to the file the attacker has control over; then, using a specifically crafted request, the attacker will be able to trigger remote code execution via deserialization of the file under their control. Note that all of conditions a) to d) must be true for the attack to succeed.</system-out>
            <system-err>location: /Users/mikelong/.m2/repository/org/apache/tomcat/embed/tomcat-embed-core/9.0.29/tomcat-embed-core-9.0.29.jar</system-err>
        </testcase>
    </testsuite>
    <testsuite failures="0" id="84" name="/Users/mikelong/.m2/repository/org/apache/tomcat/embed/tomcat-embed-el/9.0.29/tomcat-embed-el-9.0.29.jar" package="tomcat-embed-el-9.0.29.jar" skipped="0" tests="1" timestamp="2020-08-28T16:27:13.667999">
        <testcase classname="dependency-check" name="tomcat-embed-el-9.0.29.jar" />
    </testsuite>
    <testsuite failures="0" id="85" name="/Users/mikelong/.m2/repository/javax/validation/validation-api/2.0.1.Final/validation-api-2.0.1.Final.jar" package="validation-api-2.0.1.Final.jar" skipped="0" tests="1" timestamp="2020-08-28T16:27:13.667999">
        <testcase classname="dependency-check" name="validation-api-2.0.1.Final.jar" />
    </testsuite>
    <testsuite failures="0" id="86" name="/Users/mikelong/.m2/repository/org/webjars/webjars-locator/0.38/webjars-locator-0.38.jar" package="webjars-locator-0.38.jar" skipped="0" tests="1" timestamp="2020-08-28T16:27:13.667999">
        <testcase classname="dependency-check" name="webjars-locator-0.38.jar" />
    </testsuite>
    <testsuite failures="0" id="87" name="/Users/mikelong/.m2/repository/org/webjars/webjars-locator-core/0.41/webjars-locator-core-0.41.jar" package="webjars-locator-core-0.41.jar" skipped="0" tests="1" timestamp="2020-08-28T16:27:13.667999">
        <testcase classname="dependency-check" name="webjars-locator-core-0.41.jar" />
    </testsuite>
</testsuites>